2021-08-19 23:04:20,529  INFO [main] LoginPage:33 - JavaByKiran | Dashboard Print actList is 
2021-09-14 22:18:37,334  INFO [main] LoginPage:33 - JavaByKiran | Dashboard Print actList is 
2021-09-14 22:18:37,342  INFO [main] TestBase:37 - browser initalizing
2021-09-14 22:18:37,342  INFO [main] TestBase:21 - Reading the value of property browser
2021-09-14 22:18:37,342  INFO [main] TestBase:25 - initializing the property file
2021-09-14 22:18:37,342  INFO [main] TestBase:32 - property value found in the file with key asbrowserand the value is: chrome
2021-09-14 22:18:37,342  INFO [main] TestBase:40 - user want to automate the chrome browser
2021-09-14 22:18:38,968  INFO [main] TestBase:60 - lunching a application
2021-09-14 22:18:38,968  INFO [main] TestBase:21 - Reading the value of property url
2021-09-14 22:18:38,968  INFO [main] TestBase:25 - initializing the property file
2021-09-14 22:18:38,968  INFO [main] TestBase:32 - property value found in the file with key asurland the value is: file:///D:/Offline%20Website/Offline%20Website/index.html
2021-09-14 22:18:39,494  INFO [main] TestBase:21 - Reading the value of property url
2021-09-14 22:18:39,494  INFO [main] TestBase:25 - initializing the property file
2021-09-14 22:18:39,494  INFO [main] TestBase:32 - property value found in the file with key asurland the value is: file:///D:/Offline%20Website/Offline%20Website/index.html
2021-09-14 22:18:40,349  INFO [main] TestBase:37 - browser initalizing
2021-09-14 22:18:40,349  INFO [main] TestBase:21 - Reading the value of property browser
2021-09-14 22:18:40,349  INFO [main] TestBase:25 - initializing the property file
2021-09-14 22:18:40,349  INFO [main] TestBase:32 - property value found in the file with key asbrowserand the value is: chrome
2021-09-14 22:18:40,349  INFO [main] TestBase:40 - user want to automate the chrome browser
2021-09-14 22:18:41,940  INFO [main] TestBase:60 - lunching a application
2021-09-14 22:18:41,940  INFO [main] TestBase:21 - Reading the value of property url
2021-09-14 22:18:41,940  INFO [main] TestBase:25 - initializing the property file
2021-09-14 22:18:41,940  INFO [main] TestBase:32 - property value found in the file with key asurland the value is: file:///D:/Offline%20Website/Offline%20Website/index.html
2021-09-14 22:18:42,303  INFO [main] TestBase:21 - Reading the value of property url
2021-09-14 22:18:42,303  INFO [main] TestBase:25 - initializing the property file
2021-09-14 22:18:42,303  INFO [main] TestBase:32 - property value found in the file with key asurland the value is: file:///D:/Offline%20Website/Offline%20Website/index.html
2021-09-14 22:18:42,733  INFO [main] TestBase:37 - browser initalizing
2021-09-14 22:18:42,733  INFO [main] TestBase:21 - Reading the value of property browser
2021-09-14 22:18:42,733  INFO [main] TestBase:25 - initializing the property file
2021-09-14 22:18:42,733  INFO [main] TestBase:32 - property value found in the file with key asbrowserand the value is: chrome
2021-09-14 22:18:42,733  INFO [main] TestBase:40 - user want to automate the chrome browser
2021-09-14 22:18:44,378  INFO [main] TestBase:60 - lunching a application
2021-09-14 22:18:44,378  INFO [main] TestBase:21 - Reading the value of property url
2021-09-14 22:18:44,378  INFO [main] TestBase:25 - initializing the property file
2021-09-14 22:18:44,378  INFO [main] TestBase:32 - property value found in the file with key asurland the value is: file:///D:/Offline%20Website/Offline%20Website/index.html
2021-09-14 22:18:44,928  INFO [main] TestBase:21 - Reading the value of property url
2021-09-14 22:18:44,928  INFO [main] TestBase:25 - initializing the property file
2021-09-14 22:18:44,928  INFO [main] TestBase:32 - property value found in the file with key asurland the value is: file:///D:/Offline%20Website/Offline%20Website/index.html
2021-09-14 22:18:55,670  INFO [main] TestBase:37 - browser initalizing
2021-09-14 22:18:55,670  INFO [main] TestBase:21 - Reading the value of property browser
2021-09-14 22:18:55,670  INFO [main] TestBase:25 - initializing the property file
2021-09-14 22:18:55,670  INFO [main] TestBase:32 - property value found in the file with key asbrowserand the value is: chrome
2021-09-14 22:18:55,670  INFO [main] TestBase:40 - user want to automate the chrome browser
2021-09-14 22:18:57,409  INFO [main] TestBase:60 - lunching a application
2021-09-14 22:18:57,409  INFO [main] TestBase:21 - Reading the value of property url
2021-09-14 22:18:57,409  INFO [main] TestBase:25 - initializing the property file
2021-09-14 22:18:57,409  INFO [main] TestBase:32 - property value found in the file with key asurland the value is: file:///D:/Offline%20Website/Offline%20Website/index.html
2021-09-14 22:18:57,849  INFO [main] TestBase:21 - Reading the value of property url
2021-09-14 22:18:57,857  INFO [main] TestBase:25 - initializing the property file
2021-09-14 22:18:57,857  INFO [main] TestBase:32 - property value found in the file with key asurland the value is: file:///D:/Offline%20Website/Offline%20Website/index.html
2021-09-14 22:18:57,930  INFO [main] TestBase:37 - browser initalizing
2021-09-14 22:18:57,930  INFO [main] TestBase:21 - Reading the value of property browser
2021-09-14 22:18:57,930  INFO [main] TestBase:25 - initializing the property file
2021-09-14 22:18:57,930  INFO [main] TestBase:32 - property value found in the file with key asbrowserand the value is: chrome
2021-09-14 22:18:57,930  INFO [main] TestBase:40 - user want to automate the chrome browser
2021-09-14 22:18:59,411  INFO [main] TestBase:60 - lunching a application
2021-09-14 22:18:59,411  INFO [main] TestBase:21 - Reading the value of property url
2021-09-14 22:18:59,411  INFO [main] TestBase:25 - initializing the property file
2021-09-14 22:18:59,411  INFO [main] TestBase:32 - property value found in the file with key asurland the value is: file:///D:/Offline%20Website/Offline%20Website/index.html
2021-09-14 22:18:59,755  INFO [main] TestBase:21 - Reading the value of property url
2021-09-14 22:18:59,755  INFO [main] TestBase:25 - initializing the property file
2021-09-14 22:18:59,755  INFO [main] TestBase:32 - property value found in the file with key asurland the value is: file:///D:/Offline%20Website/Offline%20Website/index.html
2021-09-14 22:18:59,831  INFO [main] TestBase:37 - browser initalizing
2021-09-14 22:18:59,831  INFO [main] TestBase:21 - Reading the value of property browser
2021-09-14 22:18:59,831  INFO [main] TestBase:25 - initializing the property file
2021-09-14 22:18:59,831  INFO [main] TestBase:32 - property value found in the file with key asbrowserand the value is: chrome
2021-09-14 22:18:59,831  INFO [main] TestBase:40 - user want to automate the chrome browser
2021-09-14 22:19:01,385  INFO [main] TestBase:60 - lunching a application
2021-09-14 22:19:01,385  INFO [main] TestBase:21 - Reading the value of property url
2021-09-14 22:19:01,385  INFO [main] TestBase:25 - initializing the property file
2021-09-14 22:19:01,385  INFO [main] TestBase:32 - property value found in the file with key asurland the value is: file:///D:/Offline%20Website/Offline%20Website/index.html
2021-09-14 22:19:01,732  INFO [main] TestBase:21 - Reading the value of property url
2021-09-14 22:19:01,732  INFO [main] TestBase:25 - initializing the property file
2021-09-14 22:19:01,732  INFO [main] TestBase:32 - property value found in the file with key asurland the value is: file:///D:/Offline%20Website/Offline%20Website/index.html
2021-09-14 22:19:01,740  INFO [main] TestBase:21 - Reading the value of property username
2021-09-14 22:19:01,740  INFO [main] TestBase:25 - initializing the property file
2021-09-14 22:19:01,740  INFO [main] TestBase:32 - property value found in the file with key asusernameand the value is: kiran@gmail.com
2021-09-14 22:19:01,932  INFO [main] TestBase:21 - Reading the value of property password
2021-09-14 22:19:01,932  INFO [main] TestBase:25 - initializing the property file
2021-09-14 22:19:01,932  INFO [main] TestBase:32 - property value found in the file with key aspasswordand the value is: 123456
2021-09-14 22:19:02,084  INFO [main] TestBase:23 - manashri
2021-09-14 22:23:14,341  INFO [main] LoginPage:33 - JavaByKiran | Dashboard Print actList is 
2021-09-14 22:23:14,341  INFO [main] TestBase:37 - browser initalizing
2021-09-14 22:23:14,341  INFO [main] TestBase:21 - Reading the value of property browser
2021-09-14 22:23:14,341  INFO [main] TestBase:25 - initializing the property file
2021-09-14 22:23:14,341  INFO [main] TestBase:32 - property value found in the file with key asbrowserand the value is: chrome
2021-09-14 22:23:14,341  INFO [main] TestBase:40 - user want to automate the chrome browser
2021-09-14 22:23:18,982  INFO [main] TestBase:60 - lunching a application
2021-09-14 22:23:18,982  INFO [main] TestBase:21 - Reading the value of property url
2021-09-14 22:23:18,982  INFO [main] TestBase:25 - initializing the property file
2021-09-14 22:23:18,982  INFO [main] TestBase:32 - property value found in the file with key asurland the value is: file:///D:/Offline%20Website/Offline%20Website/index.html
2021-09-14 22:23:20,803  INFO [main] TestBase:21 - Reading the value of property url
2021-09-14 22:23:20,803  INFO [main] TestBase:25 - initializing the property file
2021-09-14 22:23:20,803  INFO [main] TestBase:32 - property value found in the file with key asurland the value is: file:///D:/Offline%20Website/Offline%20Website/index.html
2021-09-14 22:23:21,319  INFO [main] TestBase:37 - browser initalizing
2021-09-14 22:23:21,319  INFO [main] TestBase:21 - Reading the value of property browser
2021-09-14 22:23:21,319  INFO [main] TestBase:25 - initializing the property file
2021-09-14 22:23:21,319  INFO [main] TestBase:32 - property value found in the file with key asbrowserand the value is: chrome
2021-09-14 22:23:21,327  INFO [main] TestBase:40 - user want to automate the chrome browser
2021-09-14 22:23:23,126  INFO [main] TestBase:60 - lunching a application
2021-09-14 22:23:23,126  INFO [main] TestBase:21 - Reading the value of property url
2021-09-14 22:23:23,126  INFO [main] TestBase:25 - initializing the property file
2021-09-14 22:23:23,126  INFO [main] TestBase:32 - property value found in the file with key asurland the value is: file:///D:/Offline%20Website/Offline%20Website/index.html
2021-09-14 22:23:23,710  INFO [main] TestBase:21 - Reading the value of property url
2021-09-14 22:23:23,710  INFO [main] TestBase:25 - initializing the property file
2021-09-14 22:23:23,710  INFO [main] TestBase:32 - property value found in the file with key asurland the value is: file:///D:/Offline%20Website/Offline%20Website/index.html
2021-09-14 22:23:24,198  INFO [main] TestBase:37 - browser initalizing
2021-09-14 22:23:24,198  INFO [main] TestBase:21 - Reading the value of property browser
2021-09-14 22:23:24,198  INFO [main] TestBase:25 - initializing the property file
2021-09-14 22:23:24,198  INFO [main] TestBase:32 - property value found in the file with key asbrowserand the value is: chrome
2021-09-14 22:23:24,198  INFO [main] TestBase:40 - user want to automate the chrome browser
2021-09-14 22:23:26,608  INFO [main] TestBase:60 - lunching a application
2021-09-14 22:23:26,608  INFO [main] TestBase:21 - Reading the value of property url
2021-09-14 22:23:26,608  INFO [main] TestBase:25 - initializing the property file
2021-09-14 22:23:26,608  INFO [main] TestBase:32 - property value found in the file with key asurland the value is: file:///D:/Offline%20Website/Offline%20Website/index.html
2021-09-14 22:23:27,640  INFO [main] TestBase:21 - Reading the value of property url
2021-09-14 22:23:27,640  INFO [main] TestBase:25 - initializing the property file
2021-09-14 22:23:27,640  INFO [main] TestBase:32 - property value found in the file with key asurland the value is: file:///D:/Offline%20Website/Offline%20Website/index.html
2021-09-14 22:23:38,926  INFO [main] TestBase:37 - browser initalizing
2021-09-14 22:23:38,926  INFO [main] TestBase:21 - Reading the value of property browser
2021-09-14 22:23:38,926  INFO [main] TestBase:25 - initializing the property file
2021-09-14 22:23:38,926  INFO [main] TestBase:32 - property value found in the file with key asbrowserand the value is: chrome
2021-09-14 22:23:38,926  INFO [main] TestBase:40 - user want to automate the chrome browser
2021-09-14 22:23:41,818  INFO [main] TestBase:60 - lunching a application
2021-09-14 22:23:41,818  INFO [main] TestBase:21 - Reading the value of property url
2021-09-14 22:23:41,818  INFO [main] TestBase:25 - initializing the property file
2021-09-14 22:23:41,818  INFO [main] TestBase:32 - property value found in the file with key asurland the value is: file:///D:/Offline%20Website/Offline%20Website/index.html
2021-09-14 22:23:44,277  INFO [main] TestBase:21 - Reading the value of property url
2021-09-14 22:23:44,277  INFO [main] TestBase:25 - initializing the property file
2021-09-14 22:23:44,277  INFO [main] TestBase:32 - property value found in the file with key asurland the value is: file:///D:/Offline%20Website/Offline%20Website/index.html
2021-09-14 22:23:44,372  INFO [main] TestBase:37 - browser initalizing
2021-09-14 22:23:44,372  INFO [main] TestBase:21 - Reading the value of property browser
2021-09-14 22:23:44,372  INFO [main] TestBase:25 - initializing the property file
2021-09-14 22:23:44,372  INFO [main] TestBase:32 - property value found in the file with key asbrowserand the value is: chrome
2021-09-14 22:23:44,372  INFO [main] TestBase:40 - user want to automate the chrome browser
2021-09-14 22:23:46,558  INFO [main] TestBase:60 - lunching a application
2021-09-14 22:23:46,558  INFO [main] TestBase:21 - Reading the value of property url
2021-09-14 22:23:46,558  INFO [main] TestBase:25 - initializing the property file
2021-09-14 22:23:46,558  INFO [main] TestBase:32 - property value found in the file with key asurland the value is: file:///D:/Offline%20Website/Offline%20Website/index.html
2021-09-14 22:23:47,574  INFO [main] TestBase:21 - Reading the value of property url
2021-09-14 22:23:47,574  INFO [main] TestBase:25 - initializing the property file
2021-09-14 22:23:47,574  INFO [main] TestBase:32 - property value found in the file with key asurland the value is: file:///D:/Offline%20Website/Offline%20Website/index.html
2021-09-14 22:23:47,669  INFO [main] TestBase:37 - browser initalizing
2021-09-14 22:23:47,669  INFO [main] TestBase:21 - Reading the value of property browser
2021-09-14 22:23:47,669  INFO [main] TestBase:25 - initializing the property file
2021-09-14 22:23:47,669  INFO [main] TestBase:32 - property value found in the file with key asbrowserand the value is: chrome
2021-09-14 22:23:47,669  INFO [main] TestBase:40 - user want to automate the chrome browser
2021-09-14 22:23:53,316  INFO [main] TestBase:60 - lunching a application
2021-09-14 22:23:53,316  INFO [main] TestBase:21 - Reading the value of property url
2021-09-14 22:23:53,316  INFO [main] TestBase:25 - initializing the property file
2021-09-14 22:23:53,316  INFO [main] TestBase:32 - property value found in the file with key asurland the value is: file:///D:/Offline%20Website/Offline%20Website/index.html
2021-09-14 22:23:54,236  INFO [main] TestBase:21 - Reading the value of property url
2021-09-14 22:23:54,236  INFO [main] TestBase:25 - initializing the property file
2021-09-14 22:23:54,236  INFO [main] TestBase:32 - property value found in the file with key asurland the value is: file:///D:/Offline%20Website/Offline%20Website/index.html
2021-09-14 22:23:54,244  INFO [main] TestBase:21 - Reading the value of property username
2021-09-14 22:23:54,244  INFO [main] TestBase:25 - initializing the property file
2021-09-14 22:23:54,244  INFO [main] TestBase:32 - property value found in the file with key asusernameand the value is: kiran@gmail.com
2021-09-14 22:23:54,513  INFO [main] TestBase:21 - Reading the value of property password
2021-09-14 22:23:54,513  INFO [main] TestBase:25 - initializing the property file
2021-09-14 22:23:54,521  INFO [main] TestBase:32 - property value found in the file with key aspasswordand the value is: 123456
2021-09-14 22:23:54,729  INFO [main] TestBase:23 - manashri
2021-09-14 22:31:16,921  INFO [main] LoginPage:33 - JavaByKiran | Dashboard Print actList is 
2021-09-14 22:31:16,921  INFO [main] TestBase:37 - browser initalizing
2021-09-14 22:31:16,921  INFO [main] TestBase:21 - Reading the value of property browser
2021-09-14 22:31:16,921  INFO [main] TestBase:25 - initializing the property file
2021-09-14 22:31:16,921  INFO [main] TestBase:32 - property value found in the file with key asbrowserand the value is: chrome
2021-09-14 22:31:16,921  INFO [main] TestBase:40 - user want to automate the chrome browser
2021-09-14 22:31:18,917  INFO [main] TestBase:60 - lunching a application
2021-09-14 22:31:18,917  INFO [main] TestBase:21 - Reading the value of property url
2021-09-14 22:31:18,917  INFO [main] TestBase:25 - initializing the property file
2021-09-14 22:31:18,917  INFO [main] TestBase:32 - property value found in the file with key asurland the value is: file:///D:/Offline%20Website/Offline%20Website/index.html
2021-09-14 22:31:19,449  INFO [main] TestBase:21 - Reading the value of property url
2021-09-14 22:31:19,449  INFO [main] TestBase:25 - initializing the property file
2021-09-14 22:31:19,449  INFO [main] TestBase:32 - property value found in the file with key asurland the value is: file:///D:/Offline%20Website/Offline%20Website/index.html
2021-09-14 22:31:20,227  INFO [main] TestBase:37 - browser initalizing
2021-09-14 22:31:20,227  INFO [main] TestBase:21 - Reading the value of property browser
2021-09-14 22:31:20,227  INFO [main] TestBase:25 - initializing the property file
2021-09-14 22:31:20,227  INFO [main] TestBase:32 - property value found in the file with key asbrowserand the value is: chrome
2021-09-14 22:31:20,227  INFO [main] TestBase:40 - user want to automate the chrome browser
2021-09-14 22:31:22,506  INFO [main] TestBase:60 - lunching a application
2021-09-14 22:31:22,506  INFO [main] TestBase:21 - Reading the value of property url
2021-09-14 22:31:22,506  INFO [main] TestBase:25 - initializing the property file
2021-09-14 22:31:22,506  INFO [main] TestBase:32 - property value found in the file with key asurland the value is: file:///D:/Offline%20Website/Offline%20Website/index.html
2021-09-14 22:31:23,191  INFO [main] TestBase:21 - Reading the value of property url
2021-09-14 22:31:23,191  INFO [main] TestBase:25 - initializing the property file
2021-09-14 22:31:23,191  INFO [main] TestBase:32 - property value found in the file with key asurland the value is: file:///D:/Offline%20Website/Offline%20Website/index.html
2021-09-14 22:31:23,808  INFO [main] TestBase:37 - browser initalizing
2021-09-14 22:31:23,808  INFO [main] TestBase:21 - Reading the value of property browser
2021-09-14 22:31:23,808  INFO [main] TestBase:25 - initializing the property file
2021-09-14 22:31:23,816  INFO [main] TestBase:32 - property value found in the file with key asbrowserand the value is: chrome
2021-09-14 22:31:23,816  INFO [main] TestBase:40 - user want to automate the chrome browser
2021-09-14 22:31:26,050  INFO [main] TestBase:60 - lunching a application
2021-09-14 22:31:26,050  INFO [main] TestBase:21 - Reading the value of property url
2021-09-14 22:31:26,050  INFO [main] TestBase:25 - initializing the property file
2021-09-14 22:31:26,050  INFO [main] TestBase:32 - property value found in the file with key asurland the value is: file:///D:/Offline%20Website/Offline%20Website/index.html
2021-09-14 22:31:26,873  INFO [main] TestBase:21 - Reading the value of property url
2021-09-14 22:31:26,873  INFO [main] TestBase:25 - initializing the property file
2021-09-14 22:31:26,873  INFO [main] TestBase:32 - property value found in the file with key asurland the value is: file:///D:/Offline%20Website/Offline%20Website/index.html
2021-09-14 22:31:37,551  INFO [main] TestBase:37 - browser initalizing
2021-09-14 22:31:37,551  INFO [main] TestBase:21 - Reading the value of property browser
2021-09-14 22:31:37,551  INFO [main] TestBase:25 - initializing the property file
2021-09-14 22:31:37,551  INFO [main] TestBase:32 - property value found in the file with key asbrowserand the value is: chrome
2021-09-14 22:31:37,551  INFO [main] TestBase:40 - user want to automate the chrome browser
2021-09-14 22:31:40,394  INFO [main] TestBase:60 - lunching a application
2021-09-14 22:31:40,394  INFO [main] TestBase:21 - Reading the value of property url
2021-09-14 22:31:40,394  INFO [main] TestBase:25 - initializing the property file
2021-09-14 22:31:40,394  INFO [main] TestBase:32 - property value found in the file with key asurland the value is: file:///D:/Offline%20Website/Offline%20Website/index.html
2021-09-14 22:31:45,956  INFO [main] TestBase:21 - Reading the value of property url
2021-09-14 22:31:45,956  INFO [main] TestBase:25 - initializing the property file
2021-09-14 22:31:45,964  INFO [main] TestBase:32 - property value found in the file with key asurland the value is: file:///D:/Offline%20Website/Offline%20Website/index.html
2021-09-14 22:31:46,065  INFO [main] TestBase:37 - browser initalizing
2021-09-14 22:31:46,065  INFO [main] TestBase:21 - Reading the value of property browser
2021-09-14 22:31:46,065  INFO [main] TestBase:25 - initializing the property file
2021-09-14 22:31:46,065  INFO [main] TestBase:32 - property value found in the file with key asbrowserand the value is: chrome
2021-09-14 22:31:46,065  INFO [main] TestBase:40 - user want to automate the chrome browser
2021-09-14 22:31:48,513  INFO [main] TestBase:60 - lunching a application
2021-09-14 22:31:48,513  INFO [main] TestBase:21 - Reading the value of property url
2021-09-14 22:31:48,513  INFO [main] TestBase:25 - initializing the property file
2021-09-14 22:31:48,513  INFO [main] TestBase:32 - property value found in the file with key asurland the value is: file:///D:/Offline%20Website/Offline%20Website/index.html
2021-09-14 22:31:49,122  INFO [main] TestBase:21 - Reading the value of property url
2021-09-14 22:31:49,122  INFO [main] TestBase:25 - initializing the property file
2021-09-14 22:31:49,122  INFO [main] TestBase:32 - property value found in the file with key asurland the value is: file:///D:/Offline%20Website/Offline%20Website/index.html
2021-09-14 22:31:49,294  INFO [main] TestBase:37 - browser initalizing
2021-09-14 22:31:49,294  INFO [main] TestBase:21 - Reading the value of property browser
2021-09-14 22:31:49,294  INFO [main] TestBase:25 - initializing the property file
2021-09-14 22:31:49,294  INFO [main] TestBase:32 - property value found in the file with key asbrowserand the value is: chrome
2021-09-14 22:31:49,294  INFO [main] TestBase:40 - user want to automate the chrome browser
2021-09-14 22:31:54,570  INFO [main] TestBase:60 - lunching a application
2021-09-14 22:31:54,570  INFO [main] TestBase:21 - Reading the value of property url
2021-09-14 22:31:54,570  INFO [main] TestBase:25 - initializing the property file
2021-09-14 22:31:54,570  INFO [main] TestBase:32 - property value found in the file with key asurland the value is: file:///D:/Offline%20Website/Offline%20Website/index.html
2021-09-14 22:31:55,410  INFO [main] TestBase:21 - Reading the value of property url
2021-09-14 22:31:55,410  INFO [main] TestBase:25 - initializing the property file
2021-09-14 22:31:55,410  INFO [main] TestBase:32 - property value found in the file with key asurland the value is: file:///D:/Offline%20Website/Offline%20Website/index.html
2021-09-14 22:31:55,418  INFO [main] TestBase:21 - Reading the value of property username
2021-09-14 22:31:55,418  INFO [main] TestBase:25 - initializing the property file
2021-09-14 22:31:55,418  INFO [main] TestBase:32 - property value found in the file with key asusernameand the value is: kiran@gmail.com
2021-09-14 22:31:55,702  INFO [main] TestBase:21 - Reading the value of property password
2021-09-14 22:31:55,702  INFO [main] TestBase:25 - initializing the property file
2021-09-14 22:31:55,702  INFO [main] TestBase:32 - property value found in the file with key aspasswordand the value is: 123456
2021-09-14 22:31:55,877  INFO [main] TestBase:23 - manashri
2021-09-14 22:45:04,883  INFO [main] LoginPage:33 - JavaByKiran | Dashboard Print actList is 
2021-09-14 22:45:04,884  INFO [main] TestBase:37 - browser initalizing
2021-09-14 22:45:04,884  INFO [main] TestBase:21 - Reading the value of property browser
2021-09-14 22:45:04,885  INFO [main] TestBase:25 - initializing the property file
2021-09-14 22:45:04,885  INFO [main] TestBase:32 - property value found in the file with key asbrowserand the value is: chrome
2021-09-14 22:45:04,885  INFO [main] TestBase:40 - user want to automate the chrome browser
2021-09-14 22:45:08,184  INFO [main] TestBase:60 - lunching a application
2021-09-14 22:45:08,184  INFO [main] TestBase:21 - Reading the value of property url
2021-09-14 22:45:08,184  INFO [main] TestBase:25 - initializing the property file
2021-09-14 22:45:08,184  INFO [main] TestBase:32 - property value found in the file with key asurland the value is: file:///D:/Offline%20Website/Offline%20Website/index.html
2021-09-14 22:45:08,680  INFO [main] TestBase:21 - Reading the value of property url
2021-09-14 22:45:08,681  INFO [main] TestBase:25 - initializing the property file
2021-09-14 22:45:08,682  INFO [main] TestBase:32 - property value found in the file with key asurland the value is: file:///D:/Offline%20Website/Offline%20Website/index.html
2021-09-14 22:45:09,319  INFO [main] TestBase:37 - browser initalizing
2021-09-14 22:45:09,319  INFO [main] TestBase:21 - Reading the value of property browser
2021-09-14 22:45:09,319  INFO [main] TestBase:25 - initializing the property file
2021-09-14 22:45:09,319  INFO [main] TestBase:32 - property value found in the file with key asbrowserand the value is: chrome
2021-09-14 22:45:09,320  INFO [main] TestBase:40 - user want to automate the chrome browser
2021-09-14 22:45:11,302  INFO [main] TestBase:60 - lunching a application
2021-09-14 22:45:11,302  INFO [main] TestBase:21 - Reading the value of property url
2021-09-14 22:45:11,302  INFO [main] TestBase:25 - initializing the property file
2021-09-14 22:45:11,303  INFO [main] TestBase:32 - property value found in the file with key asurland the value is: file:///D:/Offline%20Website/Offline%20Website/index.html
2021-09-14 22:45:12,458  INFO [main] TestBase:21 - Reading the value of property url
2021-09-14 22:45:12,459  INFO [main] TestBase:25 - initializing the property file
2021-09-14 22:45:12,459  INFO [main] TestBase:32 - property value found in the file with key asurland the value is: file:///D:/Offline%20Website/Offline%20Website/index.html
2021-09-14 22:45:13,315  INFO [main] TestBase:37 - browser initalizing
2021-09-14 22:45:13,316  INFO [main] TestBase:21 - Reading the value of property browser
2021-09-14 22:45:13,316  INFO [main] TestBase:25 - initializing the property file
2021-09-14 22:45:13,316  INFO [main] TestBase:32 - property value found in the file with key asbrowserand the value is: chrome
2021-09-14 22:45:13,317  INFO [main] TestBase:40 - user want to automate the chrome browser
2021-09-14 22:45:16,162  INFO [main] TestBase:60 - lunching a application
2021-09-14 22:45:16,162  INFO [main] TestBase:21 - Reading the value of property url
2021-09-14 22:45:16,162  INFO [main] TestBase:25 - initializing the property file
2021-09-14 22:45:16,162  INFO [main] TestBase:32 - property value found in the file with key asurland the value is: file:///D:/Offline%20Website/Offline%20Website/index.html
2021-09-14 22:45:16,946  INFO [main] TestBase:21 - Reading the value of property url
2021-09-14 22:45:16,947  INFO [main] TestBase:25 - initializing the property file
2021-09-14 22:45:16,948  INFO [main] TestBase:32 - property value found in the file with key asurland the value is: file:///D:/Offline%20Website/Offline%20Website/index.html
2021-09-14 22:45:27,589  INFO [main] TestBase:37 - browser initalizing
2021-09-14 22:45:27,591  INFO [main] TestBase:21 - Reading the value of property browser
2021-09-14 22:45:27,591  INFO [main] TestBase:25 - initializing the property file
2021-09-14 22:45:27,592  INFO [main] TestBase:32 - property value found in the file with key asbrowserand the value is: chrome
2021-09-14 22:45:27,592  INFO [main] TestBase:40 - user want to automate the chrome browser
2021-09-14 22:45:32,429  INFO [main] TestBase:60 - lunching a application
2021-09-14 22:45:32,430  INFO [main] TestBase:21 - Reading the value of property url
2021-09-14 22:45:32,430  INFO [main] TestBase:25 - initializing the property file
2021-09-14 22:45:32,430  INFO [main] TestBase:32 - property value found in the file with key asurland the value is: file:///D:/Offline%20Website/Offline%20Website/index.html
2021-09-14 22:45:33,289  INFO [main] TestBase:21 - Reading the value of property url
2021-09-14 22:45:33,290  INFO [main] TestBase:25 - initializing the property file
2021-09-14 22:45:33,290  INFO [main] TestBase:32 - property value found in the file with key asurland the value is: file:///D:/Offline%20Website/Offline%20Website/index.html
2021-09-14 22:45:33,425  INFO [main] TestBase:37 - browser initalizing
2021-09-14 22:45:33,426  INFO [main] TestBase:21 - Reading the value of property browser
2021-09-14 22:45:33,426  INFO [main] TestBase:25 - initializing the property file
2021-09-14 22:45:33,426  INFO [main] TestBase:32 - property value found in the file with key asbrowserand the value is: chrome
2021-09-14 22:45:33,427  INFO [main] TestBase:40 - user want to automate the chrome browser
2021-09-14 22:45:35,875  INFO [main] TestBase:60 - lunching a application
2021-09-14 22:45:35,876  INFO [main] TestBase:21 - Reading the value of property url
2021-09-14 22:45:35,876  INFO [main] TestBase:25 - initializing the property file
2021-09-14 22:45:35,876  INFO [main] TestBase:32 - property value found in the file with key asurland the value is: file:///D:/Offline%20Website/Offline%20Website/index.html
2021-09-14 22:45:36,684  INFO [main] TestBase:21 - Reading the value of property url
2021-09-14 22:45:36,684  INFO [main] TestBase:25 - initializing the property file
2021-09-14 22:45:36,689  INFO [main] TestBase:32 - property value found in the file with key asurland the value is: file:///D:/Offline%20Website/Offline%20Website/index.html
2021-09-14 22:45:36,901  INFO [main] TestBase:37 - browser initalizing
2021-09-14 22:45:36,902  INFO [main] TestBase:21 - Reading the value of property browser
2021-09-14 22:45:36,902  INFO [main] TestBase:25 - initializing the property file
2021-09-14 22:45:36,902  INFO [main] TestBase:32 - property value found in the file with key asbrowserand the value is: chrome
2021-09-14 22:45:36,903  INFO [main] TestBase:40 - user want to automate the chrome browser
2021-09-14 22:45:38,996  INFO [main] TestBase:60 - lunching a application
2021-09-14 22:45:38,996  INFO [main] TestBase:21 - Reading the value of property url
2021-09-14 22:45:38,996  INFO [main] TestBase:25 - initializing the property file
2021-09-14 22:45:38,997  INFO [main] TestBase:32 - property value found in the file with key asurland the value is: file:///D:/Offline%20Website/Offline%20Website/index.html
2021-09-14 22:45:40,029  INFO [main] TestBase:21 - Reading the value of property url
2021-09-14 22:45:40,029  INFO [main] TestBase:25 - initializing the property file
2021-09-14 22:45:40,030  INFO [main] TestBase:32 - property value found in the file with key asurland the value is: file:///D:/Offline%20Website/Offline%20Website/index.html
2021-09-14 22:45:40,031  INFO [main] TestBase:21 - Reading the value of property username
2021-09-14 22:45:40,031  INFO [main] TestBase:25 - initializing the property file
2021-09-14 22:45:40,031  INFO [main] TestBase:32 - property value found in the file with key asusernameand the value is: kiran@gmail.com
2021-09-14 22:45:40,340  INFO [main] TestBase:21 - Reading the value of property password
2021-09-14 22:45:40,340  INFO [main] TestBase:25 - initializing the property file
2021-09-14 22:45:40,341  INFO [main] TestBase:32 - property value found in the file with key aspasswordand the value is: 123456
2021-09-14 22:45:40,640  INFO [main] TestBase:23 - manashri
2021-09-14 22:53:44,459  INFO [main] LoginPage:33 - JavaByKiran | Dashboard Print actList is 
2021-09-14 22:53:44,578  INFO [main] TestBase:37 - browser initalizing
2021-09-14 22:53:44,578  INFO [main] TestBase:21 - Reading the value of property browser
2021-09-14 22:53:44,578  INFO [main] TestBase:25 - initializing the property file
2021-09-14 22:53:44,578  INFO [main] TestBase:32 - property value found in the file with key asbrowserand the value is: chrome
2021-09-14 22:53:44,578  INFO [main] TestBase:40 - user want to automate the chrome browser
2021-09-14 22:53:46,110  INFO [main] TestBase:60 - lunching a application
2021-09-14 22:53:46,110  INFO [main] TestBase:21 - Reading the value of property url
2021-09-14 22:53:46,110  INFO [main] TestBase:25 - initializing the property file
2021-09-14 22:53:46,110  INFO [main] TestBase:32 - property value found in the file with key asurland the value is: file:///D:/Offline%20Website/Offline%20Website/index.html
2021-09-14 22:53:46,441  INFO [main] TestBase:21 - Reading the value of property url
2021-09-14 22:53:46,441  INFO [main] TestBase:25 - initializing the property file
2021-09-14 22:53:46,442  INFO [main] TestBase:32 - property value found in the file with key asurland the value is: file:///D:/Offline%20Website/Offline%20Website/index.html
2021-09-14 22:53:46,884  INFO [main] TestBase:37 - browser initalizing
2021-09-14 22:53:46,884  INFO [main] TestBase:21 - Reading the value of property browser
2021-09-14 22:53:46,884  INFO [main] TestBase:25 - initializing the property file
2021-09-14 22:53:46,885  INFO [main] TestBase:32 - property value found in the file with key asbrowserand the value is: chrome
2021-09-14 22:53:46,885  INFO [main] TestBase:40 - user want to automate the chrome browser
2021-09-14 22:53:48,472  INFO [main] TestBase:60 - lunching a application
2021-09-14 22:53:48,472  INFO [main] TestBase:21 - Reading the value of property url
2021-09-14 22:53:48,472  INFO [main] TestBase:25 - initializing the property file
2021-09-14 22:53:48,472  INFO [main] TestBase:32 - property value found in the file with key asurland the value is: file:///D:/Offline%20Website/Offline%20Website/index.html
2021-09-14 22:53:48,823  INFO [main] TestBase:21 - Reading the value of property url
2021-09-14 22:53:48,823  INFO [main] TestBase:25 - initializing the property file
2021-09-14 22:53:48,824  INFO [main] TestBase:32 - property value found in the file with key asurland the value is: file:///D:/Offline%20Website/Offline%20Website/index.html
2021-09-14 22:53:49,230  INFO [main] TestBase:37 - browser initalizing
2021-09-14 22:53:49,230  INFO [main] TestBase:21 - Reading the value of property browser
2021-09-14 22:53:49,230  INFO [main] TestBase:25 - initializing the property file
2021-09-14 22:53:49,231  INFO [main] TestBase:32 - property value found in the file with key asbrowserand the value is: chrome
2021-09-14 22:53:49,231  INFO [main] TestBase:40 - user want to automate the chrome browser
2021-09-14 22:53:50,781  INFO [main] TestBase:60 - lunching a application
2021-09-14 22:53:50,781  INFO [main] TestBase:21 - Reading the value of property url
2021-09-14 22:53:50,781  INFO [main] TestBase:25 - initializing the property file
2021-09-14 22:53:50,781  INFO [main] TestBase:32 - property value found in the file with key asurland the value is: file:///D:/Offline%20Website/Offline%20Website/index.html
2021-09-14 22:53:51,127  INFO [main] TestBase:21 - Reading the value of property url
2021-09-14 22:53:51,127  INFO [main] TestBase:25 - initializing the property file
2021-09-14 22:53:51,128  INFO [main] TestBase:32 - property value found in the file with key asurland the value is: file:///D:/Offline%20Website/Offline%20Website/index.html
2021-09-14 22:54:11,611  INFO [main] TestBase:37 - browser initalizing
2021-09-14 22:54:11,612  INFO [main] TestBase:21 - Reading the value of property browser
2021-09-14 22:54:11,612  INFO [main] TestBase:25 - initializing the property file
2021-09-14 22:54:11,613  INFO [main] TestBase:32 - property value found in the file with key asbrowserand the value is: chrome
2021-09-14 22:54:11,614  INFO [main] TestBase:40 - user want to automate the chrome browser
2021-09-14 22:54:13,265  INFO [main] TestBase:60 - lunching a application
2021-09-14 22:54:13,265  INFO [main] TestBase:21 - Reading the value of property url
2021-09-14 22:54:13,265  INFO [main] TestBase:25 - initializing the property file
2021-09-14 22:54:13,265  INFO [main] TestBase:32 - property value found in the file with key asurland the value is: file:///D:/Offline%20Website/Offline%20Website/index.html
2021-09-14 22:54:13,627  INFO [main] TestBase:21 - Reading the value of property url
2021-09-14 22:54:13,627  INFO [main] TestBase:25 - initializing the property file
2021-09-14 22:54:13,628  INFO [main] TestBase:32 - property value found in the file with key asurland the value is: file:///D:/Offline%20Website/Offline%20Website/index.html
2021-09-14 22:54:13,629  INFO [main] TestBase:21 - Reading the value of property username
2021-09-14 22:54:13,629  INFO [main] TestBase:25 - initializing the property file
2021-09-14 22:54:13,630  INFO [main] TestBase:32 - property value found in the file with key asusernameand the value is: kiran@gmail.com
2021-09-14 22:54:13,772  INFO [main] TestBase:21 - Reading the value of property password
2021-09-14 22:54:13,772  INFO [main] TestBase:25 - initializing the property file
2021-09-14 22:54:13,773  INFO [main] TestBase:32 - property value found in the file with key aspasswordand the value is: 123456
2021-09-14 22:54:13,854  INFO [main] TestBase:23 - manashri
2021-09-14 23:00:22,281  INFO [main] LoginPage:33 - JavaByKiran | Dashboard Print actList is 
2021-09-14 23:00:22,434  INFO [main] TestBase:37 - browser initalizing
2021-09-14 23:00:22,434  INFO [main] TestBase:21 - Reading the value of property browser
2021-09-14 23:00:22,434  INFO [main] TestBase:25 - initializing the property file
2021-09-14 23:00:22,434  INFO [main] TestBase:32 - property value found in the file with key asbrowserand the value is: chrome
2021-09-14 23:00:22,434  INFO [main] TestBase:40 - user want to automate the chrome browser
2021-09-14 23:00:23,849  INFO [main] TestBase:60 - lunching a application
2021-09-14 23:00:23,849  INFO [main] TestBase:21 - Reading the value of property url
2021-09-14 23:00:23,850  INFO [main] TestBase:25 - initializing the property file
2021-09-14 23:00:23,850  INFO [main] TestBase:32 - property value found in the file with key asurland the value is: file:///D:/Offline%20Website/Offline%20Website/index.html
2021-09-14 23:00:24,163  INFO [main] TestBase:21 - Reading the value of property url
2021-09-14 23:00:24,163  INFO [main] TestBase:25 - initializing the property file
2021-09-14 23:00:24,164  INFO [main] TestBase:32 - property value found in the file with key asurland the value is: file:///D:/Offline%20Website/Offline%20Website/index.html
2021-09-14 23:00:24,634  INFO [main] TestBase:37 - browser initalizing
2021-09-14 23:00:24,634  INFO [main] TestBase:21 - Reading the value of property browser
2021-09-14 23:00:24,635  INFO [main] TestBase:25 - initializing the property file
2021-09-14 23:00:24,635  INFO [main] TestBase:32 - property value found in the file with key asbrowserand the value is: chrome
2021-09-14 23:00:24,635  INFO [main] TestBase:40 - user want to automate the chrome browser
2021-09-14 23:00:26,059  INFO [main] TestBase:60 - lunching a application
2021-09-14 23:00:26,059  INFO [main] TestBase:21 - Reading the value of property url
2021-09-14 23:00:26,059  INFO [main] TestBase:25 - initializing the property file
2021-09-14 23:00:26,060  INFO [main] TestBase:32 - property value found in the file with key asurland the value is: file:///D:/Offline%20Website/Offline%20Website/index.html
2021-09-14 23:00:26,331  INFO [main] TestBase:21 - Reading the value of property url
2021-09-14 23:00:26,331  INFO [main] TestBase:25 - initializing the property file
2021-09-14 23:00:26,332  INFO [main] TestBase:32 - property value found in the file with key asurland the value is: file:///D:/Offline%20Website/Offline%20Website/index.html
2021-09-14 23:00:26,786  INFO [main] TestBase:37 - browser initalizing
2021-09-14 23:00:26,786  INFO [main] TestBase:21 - Reading the value of property browser
2021-09-14 23:00:26,786  INFO [main] TestBase:25 - initializing the property file
2021-09-14 23:00:26,787  INFO [main] TestBase:32 - property value found in the file with key asbrowserand the value is: chrome
2021-09-14 23:00:26,787  INFO [main] TestBase:40 - user want to automate the chrome browser
2021-09-14 23:00:28,214  INFO [main] TestBase:60 - lunching a application
2021-09-14 23:00:28,214  INFO [main] TestBase:21 - Reading the value of property url
2021-09-14 23:00:28,214  INFO [main] TestBase:25 - initializing the property file
2021-09-14 23:00:28,214  INFO [main] TestBase:32 - property value found in the file with key asurland the value is: file:///D:/Offline%20Website/Offline%20Website/index.html
2021-09-14 23:00:28,533  INFO [main] TestBase:21 - Reading the value of property url
2021-09-14 23:00:28,533  INFO [main] TestBase:25 - initializing the property file
2021-09-14 23:00:28,534  INFO [main] TestBase:32 - property value found in the file with key asurland the value is: file:///D:/Offline%20Website/Offline%20Website/index.html
2021-09-14 23:00:48,921  INFO [main] TestBase:37 - browser initalizing
2021-09-14 23:00:48,921  INFO [main] TestBase:21 - Reading the value of property browser
2021-09-14 23:00:48,921  INFO [main] TestBase:25 - initializing the property file
2021-09-14 23:00:48,921  INFO [main] TestBase:32 - property value found in the file with key asbrowserand the value is: chrome
2021-09-14 23:00:48,921  INFO [main] TestBase:40 - user want to automate the chrome browser
2021-09-14 23:00:50,471  INFO [main] TestBase:60 - lunching a application
2021-09-14 23:00:50,471  INFO [main] TestBase:21 - Reading the value of property url
2021-09-14 23:00:50,471  INFO [main] TestBase:25 - initializing the property file
2021-09-14 23:00:50,471  INFO [main] TestBase:32 - property value found in the file with key asurland the value is: file:///D:/Offline%20Website/Offline%20Website/index.html
2021-09-14 23:00:50,867  INFO [main] TestBase:21 - Reading the value of property url
2021-09-14 23:00:50,868  INFO [main] TestBase:25 - initializing the property file
2021-09-14 23:00:50,868  INFO [main] TestBase:32 - property value found in the file with key asurland the value is: file:///D:/Offline%20Website/Offline%20Website/index.html
2021-09-14 23:00:50,870  INFO [main] TestBase:21 - Reading the value of property username
2021-09-14 23:00:50,870  INFO [main] TestBase:25 - initializing the property file
2021-09-14 23:00:50,870  INFO [main] TestBase:32 - property value found in the file with key asusernameand the value is: kiran@gmail.com
2021-09-14 23:00:51,025  INFO [main] TestBase:21 - Reading the value of property password
2021-09-14 23:00:51,025  INFO [main] TestBase:25 - initializing the property file
2021-09-14 23:00:51,026  INFO [main] TestBase:32 - property value found in the file with key aspasswordand the value is: 123456
2021-09-14 23:00:51,108  INFO [main] TestBase:23 - manashri
